Traceback (most recent call last):
  File "C:\Users\azuka\Anaconda3\envs\jupbook\lib\site-packages\jupyter_cache\executors\utils.py", line 56, in single_nb_execution
    record_timing=False,
  File "C:\Users\azuka\Anaconda3\envs\jupbook\lib\site-packages\nbclient\client.py", line 1204, in execute
    return NotebookClient(nb=nb, resources=resources, km=km, **kwargs).execute()
  File "C:\Users\azuka\Anaconda3\envs\jupbook\lib\site-packages\nbclient\util.py", line 84, in wrapped
    return just_run(coro(*args, **kwargs))
  File "C:\Users\azuka\Anaconda3\envs\jupbook\lib\site-packages\nbclient\util.py", line 62, in just_run
    return loop.run_until_complete(coro)
  File "C:\Users\azuka\Anaconda3\envs\jupbook\lib\asyncio\base_events.py", line 587, in run_until_complete
    return future.result()
  File "C:\Users\azuka\Anaconda3\envs\jupbook\lib\site-packages\nbclient\client.py", line 664, in async_execute
    cell, index, execution_count=self.code_cells_executed + 1
  File "C:\Users\azuka\Anaconda3\envs\jupbook\lib\site-packages\nbclient\client.py", line 965, in async_execute_cell
    await self._check_raise_for_error(cell, cell_index, exec_reply)
  File "C:\Users\azuka\Anaconda3\envs\jupbook\lib\site-packages\nbclient\client.py", line 862, in _check_raise_for_error
    raise CellExecutionError.from_cell_and_msg(cell, exec_reply_content)
nbclient.exceptions.CellExecutionError: An error occurred while executing the following cell:
------------------
# Step 1: Import the libraries you need
import numpy as np
import pandas as pd
import requests
from tqdm import tqdm
# from urllib.request import Request, urlopen, urlretrieve
# from urllib.parse import urlencode, urlparse
import json
------------------

[1;31m---------------------------------------------------------------------------[0m
[1;31mModuleNotFoundError[0m                       Traceback (most recent call last)
[1;32m~\AppData\Local\Temp\ipykernel_19372\3978852301.py[0m in [0;36m<module>[1;34m[0m
[0;32m      3[0m [1;32mimport[0m [0mpandas[0m [1;32mas[0m [0mpd[0m[1;33m[0m[1;33m[0m[0m
[0;32m      4[0m [1;32mimport[0m [0mrequests[0m[1;33m[0m[1;33m[0m[0m
[1;32m----> 5[1;33m [1;32mfrom[0m [0mtqdm[0m [1;32mimport[0m [0mtqdm[0m[1;33m[0m[1;33m[0m[0m
[0m[0;32m      6[0m [1;31m# from urllib.request import Request, urlopen, urlretrieve[0m[1;33m[0m[1;33m[0m[1;33m[0m[0m
[0;32m      7[0m [1;31m# from urllib.parse import urlencode, urlparse[0m[1;33m[0m[1;33m[0m[1;33m[0m[0m

[1;31mModuleNotFoundError[0m: No module named 'tqdm'
ModuleNotFoundError: No module named 'tqdm'

